2024-05-21 12:26:47 [[31merror[39m]: Error during login: page.click: selector: expected string, got object
2024-05-21 12:26:47 [[31merror[39m]: Test case TC_Login_Positive_01 failed with error: page.click: selector: expected string, got object
2024-05-21 12:26:49 [[31merror[39m]: Error during login: page.click: selector: expected string, got object
2024-05-21 12:26:49 [[31merror[39m]: Test case TC_Login_Positive_01 failed with error: page.click: selector: expected string, got object
2024-05-21 12:26:50 [[31merror[39m]: Error during login: page.click: selector: expected string, got object
2024-05-21 12:26:50 [[31merror[39m]: Test case TC_Login_Negative_01 failed with error: page.click: selector: expected string, got object
2024-05-21 12:26:52 [[31merror[39m]: Error during login: page.click: selector: expected string, got object
2024-05-21 12:26:52 [[31merror[39m]: Test case TC_Login_Negative_01 failed with error: page.click: selector: expected string, got object
2024-05-21 12:26:53 [[31merror[39m]: Error during login: page.click: selector: expected string, got object
2024-05-21 12:26:53 [[31merror[39m]: Test case TC_Login_Negative_02 failed with error: page.click: selector: expected string, got object
2024-05-21 12:26:55 [[31merror[39m]: Error during login: page.click: selector: expected string, got object
2024-05-21 12:26:55 [[31merror[39m]: Test case TC_Login_Negative_02 failed with error: page.click: selector: expected string, got object
2024-05-21 12:31:49 [[31merror[39m]: Error during login: page.waitForNavigation: Test timeout of 30000ms exceeded.
=========================== logs ===========================
waiting for navigation until "networkidle"
  navigated to "https://ecomstag.plieger.nl/account"
  "domcontentloaded" event fired
  "load" event fired
============================================================
2024-05-21 12:31:49 [[31merror[39m]: Test case TC_Login_Positive_01 failed with error: page.waitForNavigation: Test timeout of 30000ms exceeded.
=========================== logs ===========================
waiting for navigation until "networkidle"
  navigated to "https://ecomstag.plieger.nl/account"
  "domcontentloaded" event fired
  "load" event fired
============================================================
2024-05-21 12:32:23 [[31merror[39m]: Error during login: page.waitForNavigation: Test timeout of 30000ms exceeded.
=========================== logs ===========================
waiting for navigation until "networkidle"
  navigated to "https://ecomstag.plieger.nl/account"
  "domcontentloaded" event fired
  "load" event fired
============================================================
2024-05-21 12:32:23 [[31merror[39m]: Test case TC_Login_Positive_01 failed with error: page.waitForNavigation: Test timeout of 30000ms exceeded.
=========================== logs ===========================
waiting for navigation until "networkidle"
  navigated to "https://ecomstag.plieger.nl/account"
  "domcontentloaded" event fired
  "load" event fired
============================================================
2024-05-21 12:32:56 [[31merror[39m]: Error during login: page.waitForNavigation: Test timeout of 30000ms exceeded.
=========================== logs ===========================
waiting for navigation until "networkidle"
============================================================
2024-05-21 12:32:56 [[31merror[39m]: Test case TC_Login_Negative_01 failed with error: page.waitForNavigation: Test timeout of 30000ms exceeded.
=========================== logs ===========================
waiting for navigation until "networkidle"
============================================================
2024-05-21 12:33:31 [[31merror[39m]: Error during login: page.waitForNavigation: Test timeout of 30000ms exceeded.
=========================== logs ===========================
waiting for navigation until "networkidle"
============================================================
2024-05-21 12:33:31 [[31merror[39m]: Test case TC_Login_Negative_01 failed with error: page.waitForNavigation: Test timeout of 30000ms exceeded.
=========================== logs ===========================
waiting for navigation until "networkidle"
============================================================
2024-05-21 12:34:05 [[31merror[39m]: Error during login: page.waitForNavigation: Test timeout of 30000ms exceeded.
=========================== logs ===========================
waiting for navigation until "networkidle"
============================================================
2024-05-21 12:34:05 [[31merror[39m]: Test case TC_Login_Negative_02 failed with error: page.waitForNavigation: Test timeout of 30000ms exceeded.
=========================== logs ===========================
waiting for navigation until "networkidle"
============================================================
2024-05-21 12:34:39 [[31merror[39m]: Error during login: page.waitForNavigation: Test timeout of 30000ms exceeded.
=========================== logs ===========================
waiting for navigation until "networkidle"
============================================================
2024-05-21 12:34:39 [[31merror[39m]: Test case TC_Login_Negative_02 failed with error: page.waitForNavigation: Test timeout of 30000ms exceeded.
=========================== logs ===========================
waiting for navigation until "networkidle"
============================================================
2024-05-21 12:42:41 [[31merror[39m]: Test case TC_Login_Positive_01 failed with error: homePage.getURL is not a function
2024-05-21 12:42:45 [[31merror[39m]: Test case TC_Login_Negative_01 failed with error: [2mexpect([22m[31mreceived[39m[2m).[22mtoBeTruthy[2m()[22m

Received: [31mfalse[39m
2024-05-21 12:54:26 [[31merror[39m]: Error during login: locator.waitFor: Test timeout of 30000ms exceeded.
Call log:
  [2m- waiting for locator('button.my-account-nav-button__button') to be visible[22m

2024-05-21 12:54:26 [[31merror[39m]: Test case TC_02_Login_With_invalid_Credentials failed with error: locator.waitFor: Test timeout of 30000ms exceeded.
Call log:
  [2m- waiting for locator('button.my-account-nav-button__button') to be visible[22m

2024-05-21 12:55:00 [[31merror[39m]: Error during login: locator.waitFor: Test timeout of 30000ms exceeded.
Call log:
  [2m- waiting for locator('button.my-account-nav-button__button') to be visible[22m

2024-05-21 12:55:00 [[31merror[39m]: Test case TC_03_Login_With_Empty_Credentials failed with error: locator.waitFor: Test timeout of 30000ms exceeded.
Call log:
  [2m- waiting for locator('button.my-account-nav-button__button') to be visible[22m

2024-05-21 13:04:11 [[31merror[39m]: Error during login: locator.waitFor: Test timeout of 30000ms exceeded.
Call log:
  [2m- waiting for locator('button.my-account-nav-button__button') to be visible[22m

2024-05-21 13:04:11 [[31merror[39m]: Test case TC_02_Login_With_invalid_Credentials failed with error: locator.waitFor: Test timeout of 30000ms exceeded.
Call log:
  [2m- waiting for locator('button.my-account-nav-button__button') to be visible[22m

2024-05-21 13:04:46 [[31merror[39m]: Error during login: locator.waitFor: Test timeout of 30000ms exceeded.
Call log:
  [2m- waiting for locator('button.my-account-nav-button__button') to be visible[22m

2024-05-21 13:04:46 [[31merror[39m]: Test case TC_03_Login_With_Empty_Credentials failed with error: locator.waitFor: Test timeout of 30000ms exceeded.
Call log:
  [2m- waiting for locator('button.my-account-nav-button__button') to be visible[22m

2024-05-21 13:05:49 [[31merror[39m]: Test case TC_01_Login_With_Valid_Credentials failed with error: [2mexpect([22m[31mreceived[39m[2m).[22mtoContain[2m([22m[32mexpected[39m[2m) // indexOf[22m

Expected substring: [32m"account"[39m
Received string:    [31m"https://ecomstag.plieger.nl/login"[39m
2024-05-21 13:05:52 [[31merror[39m]: Test case TC_02_Login_With_invalid_Credentials failed with error: [2mexpect([22m[31mreceived[39m[2m).[22mtoBeTruthy[2m()[22m

Received: [31mfalse[39m
2024-05-21 13:16:10 [[31merror[39m]: Test case TC_Login_Negative_01 failed with error: Cannot read properties of undefined (reading 'invalidCredentials')
2024-05-21 13:16:41 [[31merror[39m]: Error during login: locator.waitFor: Test timeout of 30000ms exceeded.
Call log:
  [2m- waiting for locator('.inline-notification__content:has-text("Combinatie e-mail en wachtwoord onjuist")') to be visible[22m

2024-05-21 13:16:41 [[31merror[39m]: Test case TC_Login_Negative_02 failed with error: locator.waitFor: Test timeout of 30000ms exceeded.
Call log:
  [2m- waiting for locator('.inline-notification__content:has-text("Combinatie e-mail en wachtwoord onjuist")') to be visible[22m

2024-05-21 13:20:23 [[31merror[39m]: Test case TC_Login_Negative_01 failed with error: [2mexpect([22m[31mreceived[39m[2m).[22mtoBeTruthy[2m()[22m

Received: [31mfalse[39m
2024-05-21 13:20:54 [[31merror[39m]: Error during login: locator.waitFor: Test timeout of 30000ms exceeded.
Call log:
  [2m- waiting for locator('.inline-notification__content:has-text("Combinatie e-mail en wachtwoord onjuist")') to be visible[22m

2024-05-21 13:20:54 [[31merror[39m]: Test case TC_Login_Negative_02 failed with error: locator.waitFor: Test timeout of 30000ms exceeded.
Call log:
  [2m- waiting for locator('.inline-notification__content:has-text("Combinatie e-mail en wachtwoord onjuist")') to be visible[22m

2024-05-21 13:28:20 [[31merror[39m]: Error during login: locator.waitFor: Test timeout of 30000ms exceeded.
Call log:
  [2m- waiting for locator('.inline-notification__content:has-text("Combinatie e-mail en wachtwoord onjuist")') to be visible[22m

2024-05-21 13:28:20 [[31merror[39m]: Test case TC_Login_Negative_02 failed with error: locator.waitFor: Test timeout of 30000ms exceeded.
Call log:
  [2m- waiting for locator('.inline-notification__content:has-text("Combinatie e-mail en wachtwoord onjuist")') to be visible[22m

2024-05-21 13:39:32 [[31merror[39m]: Error during login: locator.waitFor: Test timeout of 30000ms exceeded.
Call log:
  [2m- waiting for locator('.inline-notification__content:has-text("Combinatie e-mail en wachtwoord onjuist")') to be visible[22m

2024-05-21 13:39:32 [[31merror[39m]: Test case TC_Login_Negative_02 failed with error: locator.waitFor: Test timeout of 30000ms exceeded.
Call log:
  [2m- waiting for locator('.inline-notification__content:has-text("Combinatie e-mail en wachtwoord onjuist")') to be visible[22m

2024-05-21 13:49:21 [[31merror[39m]: Error during login: locator.waitFor: Test timeout of 30000ms exceeded.
Call log:
  [2m- waiting for locator('span[data-formik-error="true"]:has-text("Vul een geldig e-mailadres in, bijvoorbeeld test@plieger.nl")') to be visible[22m

2024-05-21 13:49:21 [[31merror[39m]: Test case TC_Login_Negative_02 failed with error: locator.waitFor: Test timeout of 30000ms exceeded.
Call log:
  [2m- waiting for locator('span[data-formik-error="true"]:has-text("Vul een geldig e-mailadres in, bijvoorbeeld test@plieger.nl")') to be visible[22m

2024-05-21 13:54:01 [[31merror[39m]: Error during login: locator.waitFor: Test timeout of 30000ms exceeded.
Call log:
  [2m- waiting for locator('span[data-formik-error="true"]:has-text("Vul een geldig e-mailadres in, bijvoorbeeld test@plieger.nl")') to be visible[22m

2024-05-21 13:54:01 [[31merror[39m]: Test case TC_Login_Negative_02 failed with error: locator.waitFor: Test timeout of 30000ms exceeded.
Call log:
  [2m- waiting for locator('span[data-formik-error="true"]:has-text("Vul een geldig e-mailadres in, bijvoorbeeld test@plieger.nl")') to be visible[22m

2024-05-21 13:58:01 [[31merror[39m]: Error during login: locator.waitFor: Test timeout of 30000ms exceeded.
Call log:
  [2m- waiting for locator('span[data-formik-error="true"]:has-text("Vul een geldig e-mailadres in, bijvoorbeeld test@plieger.nl")') to be visible[22m

2024-05-21 13:58:01 [[31merror[39m]: Test case TC_Login_Negative_02 failed with error: locator.waitFor: Test timeout of 30000ms exceeded.
Call log:
  [2m- waiting for locator('span[data-formik-error="true"]:has-text("Vul een geldig e-mailadres in, bijvoorbeeld test@plieger.nl")') to be visible[22m

2024-05-21 14:32:27 [[31merror[39m]: Error during login: locator.waitFor: Test timeout of 30000ms exceeded.
Call log:
  [2m- waiting for locator('span[data-formik-error="true"]:has-text("Vul een geldig e-mailadres in, bijvoorbeeld test@plieger.nl")') to be visible[22m

2024-05-21 14:32:27 [[31merror[39m]: Test case TC_Login_Negative_02 failed with error: locator.waitFor: Test timeout of 30000ms exceeded.
Call log:
  [2m- waiting for locator('span[data-formik-error="true"]:has-text("Vul een geldig e-mailadres in, bijvoorbeeld test@plieger.nl")') to be visible[22m

2024-05-21 14:34:20 [[31merror[39m]: Error during login: locator.waitFor: Test timeout of 30000ms exceeded.
Call log:
  [2m- waiting for locator('span.form_element__error:has-text("Vul een geldig e-mailadres in, bijvoorbeeld test@plieger.nl")') to be visible[22m

2024-05-21 14:34:20 [[31merror[39m]: Test case TC_Login_Negative_02 failed with error: locator.waitFor: Test timeout of 30000ms exceeded.
Call log:
  [2m- waiting for locator('span.form_element__error:has-text("Vul een geldig e-mailadres in, bijvoorbeeld test@plieger.nl")') to be visible[22m

2024-05-21 14:45:50 [[31merror[39m]: Error during login: locator.waitFor: Test timeout of 30000ms exceeded.
Call log:
  [2m- waiting for locator('span.form_element__error:has-text("Vul een geldig e-mailadres in, bijvoorbeeld test@plieger.nl")') to be visible[22m

2024-05-21 14:45:50 [[31merror[39m]: Test case TC_Login_Negative_02 failed with error: locator.waitFor: Test timeout of 30000ms exceeded.
Call log:
  [2m- waiting for locator('span.form_element__error:has-text("Vul een geldig e-mailadres in, bijvoorbeeld test@plieger.nl")') to be visible[22m

2024-05-21 14:49:18 [[31merror[39m]: Error during login: locator.waitFor: Test timeout of 30000ms exceeded.
Call log:
  [2m- waiting for locator('span.form_element__error:has-text("Vul een geldig e-mailadres in, bijvoorbeeld test@plieger.nl")') to be visible[22m

2024-05-21 14:49:18 [[31merror[39m]: Test case TC_Login_Negative_02 failed with error: locator.waitFor: Test timeout of 30000ms exceeded.
Call log:
  [2m- waiting for locator('span.form_element__error:has-text("Vul een geldig e-mailadres in, bijvoorbeeld test@plieger.nl")') to be visible[22m

2024-05-21 14:51:01 [[31merror[39m]: Error during login: locator.waitFor: Test timeout of 30000ms exceeded.
Call log:
  [2m- waiting for locator('.inline-notification__content b:has-text("Combinatie e-mail en wachtwoord onjuist")') to be visible[22m

2024-05-21 14:51:01 [[31merror[39m]: Test case TC_Login_Negative_02 failed with error: locator.waitFor: Test timeout of 30000ms exceeded.
Call log:
  [2m- waiting for locator('.inline-notification__content b:has-text("Combinatie e-mail en wachtwoord onjuist")') to be visible[22m

2024-05-21 14:52:39 [[31merror[39m]: Error during login: locator.waitFor: Test timeout of 30000ms exceeded.
Call log:
  [2m- waiting for locator('.inline-notification__content b:has-text("Combinatie e-mail en wachtwoord onjuist")') to be visible[22m

2024-05-21 14:52:39 [[31merror[39m]: Test case TC_Login_Negative_02 failed with error: locator.waitFor: Test timeout of 30000ms exceeded.
Call log:
  [2m- waiting for locator('.inline-notification__content b:has-text("Combinatie e-mail en wachtwoord onjuist")') to be visible[22m

2024-05-21 14:55:28 [[31merror[39m]: Error during login: locator.waitFor: Test timeout of 30000ms exceeded.
Call log:
  [2m- waiting for locator('.inline-notification__content b:has-text("Combinatie e-mail en wachtwoord onjuist")') to be visible[22m

2024-05-21 14:55:28 [[31merror[39m]: Test case TC_Login_Negative_02 failed with error: locator.waitFor: Test timeout of 30000ms exceeded.
Call log:
  [2m- waiting for locator('.inline-notification__content b:has-text("Combinatie e-mail en wachtwoord onjuist")') to be visible[22m

2024-05-21 15:00:16 [[31merror[39m]: Error during login: locator.textContent: Target page, context or browser has been closed
Call log:
  [2m- waiting for locator('span.form_element__error:has-text("Vul een geldig e-mailadres in, bijvoorbeeld test@plieger.nl")')[22m

2024-05-21 15:00:16 [[31merror[39m]: Test case TC_Login_Negative_02 failed with error: locator.textContent: Target page, context or browser has been closed
Call log:
  [2m- waiting for locator('span.form_element__error:has-text("Vul een geldig e-mailadres in, bijvoorbeeld test@plieger.nl")')[22m

2024-05-21 15:01:20 [[31merror[39m]: Error during login: locator.waitFor: Test timeout of 30000ms exceeded.
Call log:
  [2m- waiting for locator('.inline-notification__content b:has-text("Combinatie e-mail en wachtwoord onjuist")') to be visible[22m

2024-05-21 15:01:20 [[31merror[39m]: Test case TC_Login_Negative_02 failed with error: locator.waitFor: Test timeout of 30000ms exceeded.
Call log:
  [2m- waiting for locator('.inline-notification__content b:has-text("Combinatie e-mail en wachtwoord onjuist")') to be visible[22m

2024-05-21 15:07:20 [[31merror[39m]: Error during login: locator.waitFor: Target page, context or browser has been closed
Call log:
  [2m- waiting for locator('.inline-notification__content b:has-text("Combinatie e-mail en wachtwoord onjuist")') to be visible[22m

2024-05-21 15:07:20 [[31merror[39m]: Test case TC_Login_Negative_02 failed with error: locator.waitFor: Target page, context or browser has been closed
Call log:
  [2m- waiting for locator('.inline-notification__content b:has-text("Combinatie e-mail en wachtwoord onjuist")') to be visible[22m

2024-05-21 15:08:25 [[31merror[39m]: Error during login: locator.textContent: Test timeout of 30000ms exceeded.
Call log:
  [2m- waiting for locator('span.form_element__error:has-text("Vul een geldig wachtwoord in")')[22m

2024-05-21 15:08:25 [[31merror[39m]: Test case TC_Login_Negative_02 failed with error: locator.textContent: Test timeout of 30000ms exceeded.
Call log:
  [2m- waiting for locator('span.form_element__error:has-text("Vul een geldig wachtwoord in")')[22m

2024-05-21 15:15:18 [[31merror[39m]: Test case TC_Login_Negative_02 failed with error: homePage.getErrorMessage is not a function
2024-05-21 15:19:14 [[31merror[39m]: Error during login: locator.waitFor: Target page, context or browser has been closed
2024-05-21 15:19:14 [[31merror[39m]: Test case TC_Login_Positive_01 failed with error: locator.waitFor: Target page, context or browser has been closed
2024-05-21 15:19:46 [[31merror[39m]: Error during login: locator.waitFor: Target page, context or browser has been closed
2024-05-21 15:19:46 [[31merror[39m]: Test case TC_Login_Negative_01 failed with error: locator.waitFor: Target page, context or browser has been closed
2024-05-21 15:20:57 [[31merror[39m]: Error during login: locator.waitFor: Target page, context or browser has been closed
2024-05-21 15:20:57 [[31merror[39m]: Test case TC_Login_Positive_01 failed with error: locator.waitFor: Target page, context or browser has been closed
2024-05-21 15:21:31 [[31merror[39m]: Error during login: locator.waitFor: Target page, context or browser has been closed
2024-05-21 15:21:31 [[31merror[39m]: Test case TC_Login_Negative_01 failed with error: locator.waitFor: Target page, context or browser has been closed
2024-05-21 15:23:41 [[31merror[39m]: Error during login: locator.waitFor: Target page, context or browser has been closed
2024-05-21 15:23:41 [[31merror[39m]: Test case TC_Login_Positive_01 failed with error: locator.waitFor: Target page, context or browser has been closed
2024-05-21 15:24:14 [[31merror[39m]: Error during login: locator.waitFor: Target page, context or browser has been closed
2024-05-21 15:24:14 [[31merror[39m]: Test case TC_Login_Negative_01 failed with error: locator.waitFor: Target page, context or browser has been closed
2024-05-21 15:26:54 [[31merror[39m]: Error during login: locator.waitFor: Target page, context or browser has been closed
2024-05-21 15:26:54 [[31merror[39m]: Test case TC_Login_Positive_01 failed with error: locator.waitFor: Target page, context or browser has been closed
2024-05-21 15:27:28 [[31merror[39m]: Error during login: locator.waitFor: Target page, context or browser has been closed
2024-05-21 15:27:28 [[31merror[39m]: Test case TC_Login_Negative_01 failed with error: locator.waitFor: Target page, context or browser has been closed
2024-05-21 15:28:48 [[31merror[39m]: Error during login: locator.waitFor: Target page, context or browser has been closed
2024-05-21 15:28:48 [[31merror[39m]: Test case TC_Login_Positive_01 failed with error: locator.waitFor: Target page, context or browser has been closed
2024-05-21 15:29:22 [[31merror[39m]: Error during login: locator.waitFor: Target page, context or browser has been closed
2024-05-21 15:29:22 [[31merror[39m]: Test case TC_Login_Negative_01 failed with error: locator.waitFor: Target page, context or browser has been closed
2024-05-21 20:14:21 [[31merror[39m]: Profile icon did not become visible in time or page was closed
2024-05-21 20:14:21 [[31merror[39m]: Error during login: locator.waitFor: Target page, context or browser has been closed
2024-05-21 20:14:21 [[31merror[39m]: Test case TC_Login_Positive_01 failed with error: locator.waitFor: Target page, context or browser has been closed
2024-05-21 20:14:54 [[31merror[39m]: Invalid credentials error message did not become visible in time or page was closed
2024-05-21 20:14:54 [[31merror[39m]: Error during login: locator.waitFor: Target page, context or browser has been closed
2024-05-21 20:14:54 [[31merror[39m]: Test case TC_Login_Negative_01 failed with error: locator.waitFor: Target page, context or browser has been closed
2024-05-21 20:16:05 [[31merror[39m]: Profile icon did not become visible in time or page was closed
2024-05-21 20:16:05 [[31merror[39m]: Error during login: locator.waitFor: Target page, context or browser has been closed
2024-05-21 20:16:05 [[31merror[39m]: Test case TC_Login_Positive_01 failed with error: locator.waitFor: Target page, context or browser has been closed
2024-05-21 20:16:39 [[31merror[39m]: Invalid credentials error message did not become visible in time or page was closed
2024-05-21 20:16:39 [[31merror[39m]: Error during login: locator.waitFor: Target page, context or browser has been closed
2024-05-21 20:16:39 [[31merror[39m]: Test case TC_Login_Negative_01 failed with error: locator.waitFor: Target page, context or browser has been closed
2024-05-21 20:32:16 [[31merror[39m]: Profile icon did not become visible in time or page was closed
2024-05-21 20:32:16 [[31merror[39m]: Page was closed unexpectedly
2024-05-21 20:32:16 [[31merror[39m]: Error during login: locator.waitFor: Target page, context or browser has been closed
2024-05-21 20:32:16 [[31merror[39m]: Test case TC_Login_Positive_01 failed with error: locator.waitFor: Target page, context or browser has been closed
2024-05-21 20:32:50 [[31merror[39m]: Invalid credentials error message did not become visible in time or page was closed
2024-05-21 20:32:50 [[31merror[39m]: Page was closed unexpectedly
2024-05-21 20:32:50 [[31merror[39m]: Error during login: locator.waitFor: Target page, context or browser has been closed
2024-05-21 20:32:50 [[31merror[39m]: Test case TC_Login_Negative_01 failed with error: locator.waitFor: Target page, context or browser has been closed
2024-05-21 20:32:56 [[31merror[39m]: Test case TC_Login_Negative_02 failed with error: homePage.getErrorMessage is not a function
2024-05-22 11:57:39 [[31merror[39m]: Test case TC_Login_Positive_01 failed with error: [2mexpect([22m[31mreceived[39m[2m).[22mtoBeTruthy[2m()[22m

Received: [31mundefined[39m
2024-05-22 11:57:42 [[31merror[39m]: Test case TC_Login_Negative_01 failed with error: [2mexpect([22m[31mreceived[39m[2m).[22mtoBeTruthy[2m()[22m

Received: [31mundefined[39m
2024-05-22 11:58:13 [[31merror[39m]: Test case TC_Login_Negative_02 failed with error: locator.waitFor: Test timeout of 30000ms exceeded.
Call log:
  [2m- waiting for locator('span.form_element__error:has-text("Vul een geldig e-mailadres in, bijvoorbeeld test@plieger.nl")') to be visible[22m

2024-05-22 12:02:54 [[31merror[39m]: Test case TC_Login_Positive_01 failed with error: [2mexpect([22m[31mreceived[39m[2m).[22mtoBeTruthy[2m()[22m

Received: [31mfalse[39m
2024-05-22 12:02:58 [[31merror[39m]: Test case TC_Login_Negative_01 failed with error: [2mexpect([22m[31mreceived[39m[2m).[22mtoBeTruthy[2m()[22m

Received: [31mfalse[39m
2024-05-22 12:03:00 [[31merror[39m]: Test case TC_Login_Negative_02 failed with error: [2mexpect([22m[31mreceived[39m[2m).[22mtoBeTruthy[2m()[22m

Received: [31mfalse[39m
2024-05-22 12:05:07 [[31merror[39m]: Test case TC_Login_Positive_01 failed with error: [2mexpect([22m[31mreceived[39m[2m).[22mtoBeTruthy[2m()[22m

Received: [31mfalse[39m
2024-05-22 12:05:10 [[31merror[39m]: Test case TC_Login_Negative_01 failed with error: [2mexpect([22m[31mreceived[39m[2m).[22mtoBeTruthy[2m()[22m

Received: [31mfalse[39m
2024-05-22 12:05:14 [[31merror[39m]: Test case TC_Login_Negative_02 failed with error: [2mexpect([22m[31mreceived[39m[2m).[22mtoBeTruthy[2m()[22m

Received: [31mfalse[39m
2024-05-22 12:08:34 [[31merror[39m]: Test case TC_Login_Positive_01 failed with error: [2mexpect([22m[31mreceived[39m[2m).[22mtoBeTruthy[2m()[22m

Received: [31mundefined[39m
2024-05-22 12:08:38 [[31merror[39m]: Test case TC_Login_Negative_01 failed with error: [2mexpect([22m[31mreceived[39m[2m).[22mtoBeTruthy[2m()[22m

Received: [31mundefined[39m
2024-05-22 12:09:09 [[31merror[39m]: Test case TC_Login_Negative_02 failed with error: locator.waitFor: Test timeout of 30000ms exceeded.
Call log:
  [2m- waiting for locator('span.form_element__error:has-text("Vul een geldig e-mailadres in, bijvoorbeeld test@plieger.nl")') to be visible[22m

2024-05-22 12:13:30 [[31merror[39m]: Test case TC_Login_Positive_01 failed with error: [2mexpect([22m[31mreceived[39m[2m).[22mtoBeTruthy[2m()[22m

Received: [31mfalse[39m
2024-05-22 12:13:33 [[31merror[39m]: Test case TC_Login_Negative_01 failed with error: [2mexpect([22m[31mreceived[39m[2m).[22mtoBeTruthy[2m()[22m

Received: [31mfalse[39m
2024-05-22 12:13:37 [[31merror[39m]: Test case TC_Login_Negative_02 failed with error: [2mexpect([22m[31mreceived[39m[2m).[22mtoBeTruthy[2m()[22m

Received: [31mfalse[39m
2024-05-22 12:15:21 [[31merror[39m]: Test case TC_Login_Positive_01 failed with error: [2mexpect([22m[31mreceived[39m[2m).[22mtoContain[2m([22m[32mexpected[39m[2m) // indexOf[22m

Expected substring: [32m"account"[39m
Received string:    [31m"https://ecomstag.plieger.nl/login"[39m
2024-05-22 12:16:01 [[31merror[39m]: Test case TC_Login_Positive_01 failed with error: [2mexpect([22m[31mreceived[39m[2m).[22mtoContain[2m([22m[32mexpected[39m[2m) // indexOf[22m

Expected substring: [32m"account"[39m
Received string:    [31m"https://ecomstag.plieger.nl/login"[39m
2024-05-22 12:22:31 [[31merror[39m]: Test case TC_Login_Negative_02 failed with error: [2mexpect([22m[31mreceived[39m[2m).[22mtoBeTruthy[2m()[22m

Received: [31mfalse[39m
2024-05-22 12:25:45 [[31merror[39m]: Test case TC_Login_Negative_02 failed with error: [2mexpect([22m[31mreceived[39m[2m).[22mtoBeTruthy[2m()[22m

Received: [31mfalse[39m
2024-05-22 12:29:48 [[31merror[39m]: Test case TC_Login_Negative_02 failed with error: [2mexpect([22m[31mreceived[39m[2m).[22mtoBeTruthy[2m()[22m

Received: [31mfalse[39m
2024-05-22 12:32:48 [[31merror[39m]: Test case TC_Login_Negative_02 failed with error: [2mexpect([22m[31mreceived[39m[2m).[22mtoBeTruthy[2m()[22m

Received: [31mfalse[39m
2024-05-22 14:06:26 [[31merror[39m]: Error fetching error message text: locator.textContent: Test timeout of 30000ms exceeded.
Call log:
  [2m- waiting for locator('span[data-formik-error="true"]:has-text("Vul je e-mailadres in")')[22m

2024-05-22 14:06:26 [[31merror[39m]: Test case failed with error: locator.textContent: Test timeout of 30000ms exceeded.
Call log:
  [2m- waiting for locator('span[data-formik-error="true"]:has-text("Vul je e-mailadres in")')[22m

2024-05-22 14:07:00 [[31merror[39m]: Error fetching error message text: locator.textContent: Test timeout of 30000ms exceeded.
Call log:
  [2m- waiting for locator('.inline-notification__content b:has-text("Combinatie e-mail en wachtwoord onjuist")')[22m

2024-05-22 14:07:00 [[31merror[39m]: Test case failed with error: locator.textContent: Test timeout of 30000ms exceeded.
Call log:
  [2m- waiting for locator('.inline-notification__content b:has-text("Combinatie e-mail en wachtwoord onjuist")')[22m

2024-05-22 14:08:24 [[31merror[39m]: Test case failed with error: [2mexpect([22m[31mreceived[39m[2m).[22mtoBeTruthy[2m()[22m

Received: [31mfalse[39m
